c:\users\zack\nthu\gpa\hw3\gpa_assignment3_framework_2023\rendering_framework\x64\debug\vc142.pdb
c:\users\zack\nthu\gpa\hw3\gpa_assignment3_framework_2023\rendering_framework\x64\debug\vc142.idb
c:\users\zack\nthu\gpa\hw3\gpa_assignment3_framework_2023\rendering_framework\x64\debug\rviewfrustum.obj
c:\users\zack\nthu\gpa\hw3\gpa_assignment3_framework_2023\rendering_framework\x64\debug\rhorizonground.obj
c:\users\zack\nthu\gpa\hw3\gpa_assignment3_framework_2023\rendering_framework\x64\debug\slime.obj
c:\users\zack\nthu\gpa\hw3\gpa_assignment3_framework_2023\rendering_framework\x64\debug\foliages.obj
c:\users\zack\nthu\gpa\hw3\gpa_assignment3_framework_2023\rendering_framework\x64\debug\renderingorderexp.obj
c:\users\zack\nthu\gpa\hw3\gpa_assignment3_framework_2023\rendering_framework\x64\debug\shader.obj
c:\users\zack\nthu\gpa\hw3\gpa_assignment3_framework_2023\rendering_framework\x64\debug\rendererbase.obj
c:\users\zack\nthu\gpa\hw3\gpa_assignment3_framework_2023\rendering_framework\x64\debug\camera.obj
c:\users\zack\nthu\gpa\hw3\gpa_assignment3_framework_2023\rendering_framework\x64\debug\main2.obj
c:\users\zack\nthu\gpa\hw3\gpa_assignment3_framework_2023\rendering_framework\x64\debug\imgui_widgets.obj
c:\users\zack\nthu\gpa\hw3\gpa_assignment3_framework_2023\rendering_framework\x64\debug\imgui_tables.obj
c:\users\zack\nthu\gpa\hw3\gpa_assignment3_framework_2023\rendering_framework\x64\debug\imgui_impl_opengl3.obj
c:\users\zack\nthu\gpa\hw3\gpa_assignment3_framework_2023\rendering_framework\x64\debug\imgui_impl_glfw.obj
c:\users\zack\nthu\gpa\hw3\gpa_assignment3_framework_2023\rendering_framework\x64\debug\imgui_draw.obj
c:\users\zack\nthu\gpa\hw3\gpa_assignment3_framework_2023\rendering_framework\x64\debug\imgui_demo.obj
c:\users\zack\nthu\gpa\hw3\gpa_assignment3_framework_2023\rendering_framework\x64\debug\imgui.obj
c:\users\zack\nthu\gpa\hw3\gpa_assignment3_framework_2023\rendering_framework\x64\debug\glad.obj
c:\users\zack\nthu\gpa\hw3\gpa_assignment3_framework_2023\x64\debug\rendering_framework.exe
c:\users\zack\nthu\gpa\hw3\gpa_assignment3_framework_2023\rendering_framework\x64\debug\rendering_framework.ilk
c:\users\zack\nthu\gpa\hw3\gpa_assignment3_framework_2023\x64\debug\rendering_framework.pdb
c:\users\zack\nthu\gpa\hw3\gpa_assignment3_framework_2023\rendering_framework\x64\debug\renderin.ada5ff44.tlog\cl.command.1.tlog
c:\users\zack\nthu\gpa\hw3\gpa_assignment3_framework_2023\rendering_framework\x64\debug\renderin.ada5ff44.tlog\cl.read.1.tlog
c:\users\zack\nthu\gpa\hw3\gpa_assignment3_framework_2023\rendering_framework\x64\debug\renderin.ada5ff44.tlog\cl.write.1.tlog
c:\users\zack\nthu\gpa\hw3\gpa_assignment3_framework_2023\rendering_framework\x64\debug\renderin.ada5ff44.tlog\link.command.1.tlog
c:\users\zack\nthu\gpa\hw3\gpa_assignment3_framework_2023\rendering_framework\x64\debug\renderin.ada5ff44.tlog\link.read.1.tlog
c:\users\zack\nthu\gpa\hw3\gpa_assignment3_framework_2023\rendering_framework\x64\debug\renderin.ada5ff44.tlog\link.write.1.tlog
